<?xml version="1.0" encoding="UTF-8"?>
<!-- Generated by org.testng.reporters.JUnitReportReporter -->
<testsuite hostname="DESKTOP-SPDP9HB" failures="0" tests="8" name="AlmosaferWeb.MyTestCases" time="1.389" errors="0" timestamp="2024-02-03T15:04:33 TRT" skipped="6">
  <testcase classname="AlmosaferWeb.MyTestCases" name="RandomMethodToChangeLanguage" time="0.910"/>
  <system-out/>
  <testcase classname="AlmosaferWeb.MyTestCases" name="switchToHotelTab" time="0.479"/>
  <system-out/>
  <testcase classname="AlmosaferWeb.MyTestCases" name="checkDepartureDateAndReturnDate">
    <skipped/>
  </testcase> <!-- checkDepartureDateAndReturnDate -->
  <system-out/>
  <testcase classname="AlmosaferWeb.MyTestCases" name="CheckTheDefaultCurancyisSAR">
    <skipped/>
  </testcase> <!-- CheckTheDefaultCurancyisSAR -->
  <system-out/>
  <testcase classname="AlmosaferWeb.MyTestCases" name="CheckQitafLogo">
    <skipped/>
  </testcase> <!-- CheckQitafLogo -->
  <system-out/>
  <testcase classname="AlmosaferWeb.MyTestCases" name="CheckContactNumber">
    <skipped/>
  </testcase> <!-- CheckContactNumber -->
  <system-out/>
  <testcase classname="AlmosaferWeb.MyTestCases" name="CheckLanguageIsEnglish">
    <skipped/>
  </testcase> <!-- CheckLanguageIsEnglish -->
  <system-out/>
  <testcase classname="AlmosaferWeb.MyTestCases" name="CheckHotelTabNotSelectedByDefualt">
    <skipped/>
  </testcase> <!-- CheckHotelTabNotSelectedByDefualt -->
  <system-out/>
</testsuite> <!-- AlmosaferWeb.MyTestCases -->
